<?xml version="1.0" encoding="UTF-8"?>
<testsuite xmlns:xsi="http://www.w3.org/2001/XMLSchema-instance" xsi:noNamespaceSchemaLocation="https://maven.apache.org/surefire/maven-surefire-plugin/xsd/surefire-test-report.xsd" name="TestDAO" time="2.534" tests="5" errors="0" skipped="0" failures="0">
  <properties>
[...]
</properties>
  <testcase name="testAddBikeComparison" classname="TestDAO" time="0.224"/>
  <testcase name="testUpdateBikeComparison" classname="TestDAO" time="0.149"/>
  <testcase name="testUpdateBikeInstance" classname="TestDAO" time="0.021"/>
  <testcase name="testAddBikeInstance" classname="TestDAO" time="0.006"/>
  <testcase name="testAddBikeModel" classname="TestDAO" time="0.007"/>
</testsuite>